[2019-07-21 01:23:14.1880] - INFO - Reading from /System/Volumes/Data/Users/baikong/Library/CloudStorage/iCloud Drive/Documents/Framer-X/TmallIcon copy2.framerfx (origin); preserving existing contents of project folder: true
[2019-07-21 01:23:14.1910] - INFO - Done reading
[2019-07-21 01:23:14.1920] - INFO - Marking changed: false
[2019-07-21 01:23:14.2310] - INFO - Marking changed: false
[2019-07-21 01:23:14.2400] - DEBUG - [Save session: 0] Completed super.save
[2019-07-21 01:23:14.3970] - INFO - Marking changed: false
[2019-07-21 01:23:14.4270] - INFO - GET 404 /node_modules/framer/build/framer.debug.js 180 B (4ms)

[2019-10-02 15:12:54.9210] - INFO - Reading from /Users/baikong/Development/Framer-X/TMicons.framerfx (origin); preserving existing contents of project folder: true
[2019-10-02 15:12:54.9230] - INFO - Done reading
[2019-10-02 15:12:54.9230] - INFO - Marking changed: false
[2019-10-02 15:12:55.3140] - INFO - Proxy Config: none
[2019-10-02 15:12:57.9090] - INFO - Project server PID: 1065
[2019-10
[2019-10-02 15:12:54.9210] - INFO - Reading from /Users/baikong/Development/Framer-X/TMicons.framerfx (origin); preserving existing contents of project folder: true
[2019-10-02 15:12:54.9230] - INFO - Done reading
[2019-10-02 15:12:54.9230] - INFO - Marking changed: false
[2019-10-02 15:12:55.3140] - INFO - Proxy Config: none
[2019-10-02 15:12:57.9090] - INFO - Project server PID: 1065
[2019-10changed: false
[2019-07-21 01:23:14.2400] - DEBUG - [Save session: 0] Completed super.save
[2019-07-21 01:23:14.3970] - INFO - Marking changed: false
[2019-07-21 01:23:14.4270] - INFO - GET 404 /node_modules/framer/build/framer.debug.js 180 B (4ms)

[2019-10-02 15:12:54.9210] - INFO - Reading from /Users/baikong/Development/Framer-X/TMicons.framerfx (origin); preserving existing contents of project folder: true
[2019-10-02 15:12:54.9230] - INFO - Done reading
[2019-10-02 15:12:54.9230] - INFO - Marking changed: false
[2019-10-02 15:12:55.3140] - INFO - Proxy Config: none
[2019-10-02 15:12:57.9090] - INFO - Project server PID: 1065
[2019-10-02 15:12:58.4970] - INFO - GET 200 /design/document.json 0 B (4ms)
[2019-10-02 15:12:58.5250] - INFO - GET 404 /node_modules/framer/build/framer.debug.js 180 B (4ms)
[2019-10-02 15:13:00.3260] - ERROR - Wed, 02 Oct 2019 07:13:00 GMT express deprecated res.send(status): Use res.sendStatus(status) instead at Applications/Framer X.app/Contents/Resources/Server/lib/server.js:119:17
[2019-10-02 15:13:00.9140] - INFO - Installing dependencies...
[2019-10-02 15:13:01.0480] - INFO - GET 200 /node_modules/framer/build/framer.debug.js 0 B (3ms)
[2019-10-02 15:13:08.0040] - INFO - Installing dependencies - DONE. Took 7090ms
[2019-10-02 15:13:09.5110] - DEBUG - [Save session: 0] Started, operation: saveOperation
[2019-10-02 15:13:09.5110] - DEBUG - [Save session: 0] Before container.writeChanges
[2019-10-02 15:13:09.5110] - DEBUG - [Save session: 0] Before waitUsingRecursiveRunLoop
[2019-10-02 15:13:09.5590] - DEBUG - [Save session: 0] Completed container.writeChanges
[2019-10-02 15:13:09.5590] - DEBUG - [Save session: 0] Completed waitUsingRecursiveRunLoop
[2019-10-02 15:13:09.5630] - INFO - Marking changed: false
[2019-10-02 15:13:09.5670] - DEBUG - [Save session: 0] Completed super.save
[2019-10-02 15:13:10.9240] - INFO - Marking changed: false
[2019-10-02 15:13:11.1380] - INFO - _handleWatch: build took 236ms
[2019-10-02 15:13:11.1400] - INFO - _handleWatch: updated scripts - index.js

[2019-10-02 15:45:47.7840] - INFO - Reading from /Users/baikong/Development/Framer-X/TMicons.framerfx (origin); preserving existing contents of project folder: true
[2019-10-02 15:45:47.7860] - INFO - Done reading
[2019-10-02 15:45:47.7870] - INFO - Marking changed: false
[2019-10-02 15:45:48.0600] - INFO - Proxy Config: none
[2019-10-02 15:45:48.3510] - INFO - Project server PID: 3323
[2019-10-02 15:45:48.6720] - INFO - Installing dependencies...
[2019-10-02 15:45:48.9170] - INFO - GET 200 /design/document.json 0 B (2ms)
[2019-10-02 15:45:48.9220] - INFO - GET 200 /node_modules/framer/build/framer.debug.js 0 B (2ms)

[2019-10-02 15:47:36.0440] - INFO - Reading from /Users/baikong/Development/Framer-X/TMicons.framerfx (origin); preserving existing contents of project folder: true
[2019-10-02 15:47:36.0460] - INFO - Done reading
[2019-10-02 15:47:36.0470] - INFO - Marking changed: false
[2019-10-02 15:47:36.3270] - INFO - Proxy Config: none
[2019-10-02 15:47:36.6150] - INFO - Project server PID: 3466
[2019-10-02 15:47:36.9280] - INFO - Installing dependencies...
[2019-10-02 15:47:37.1570] - INFO - GET 200 /design/document.json 0 B (1ms)
[2019-10-02 15:47:37.1820] - INFO - GET 200 /node_modules/framer/build/framer.debug.js 0 B (3ms)
[2019-10-02 15:47:39.1090] - ERROR - Wed, 02 Oct 2019 07:47:39 GMT express deprecated res.send(status): Use res.sendStatus(status) instead at Applications/Framer X.app/Contents/Resources/Server/lib/server.js:119:17
[2019-10-02 15:47:40.1110] - INFO - Installing dependencies - DONE. Took 3182ms
[2019-10-02 15:47:44.1520] - INFO - Marking changed: false
[2019-10-02 15:47:44.4680] - INFO - _handleWatch: build took 334ms
[2019-10-02 15:47:44.4700] - INFO - _handleWatch: updated scripts - index.js
[2019-10-02 15:47:49.0310] - INFO - GET 404 /metadata/artwork.png?1570002458311 159 B (2ms)
[2019-10-02 15:47:49.0320] - INFO - GET 200 /metadata/icon.png?1570002458311 2.65 kB (3ms)
[2019-10-02 15:47:49.0840] - INFO - GET 200 /metadata/icon.png?1570002458311 2.65 kB (1ms)
[2019-10-02 15:47:55.1810] - INFO - _handleWatch: build took 19ms
[2019-10-02 15:47:55.1810] - INFO - _handleWatch: updated scripts - index.js
[2019-10-02 15:47:57.1300] - INFO - GET 404 /metadata/artwork.png?1570002475050 159 B (1ms)
[2019-10-02 15:47:57.1310] - INFO - GET 200 /metadata/icon.png?1570002475050 2.65 kB (2ms)
[2019-10-02 15:47:57.1340] - INFO - GET 200 /metadata/icon.png?1570002475050 2.65 kB (1ms)
[2019-10-02 15:48:17.0360] - INFO - GET 200 /.cache/export-preview/TlhlVkNXVHpnMDEuMDo6MDo6cG5nOjpTdWZmaXg=/Icon.png 2.35 kB (1ms)
[2019-10-02 15:48:22.1370] - INFO - GET 404 /metadata/artwork.png?1570002475050 159 B (1ms)
[2019-10-02 15:48:22.1380] - INFO - GET 200 /metadata/icon.png?1570002475050 2.65 kB (2ms)
[2019-10-02 15:48:22.1380] - INFO - GET 200 /metadata/icon.png?1570002475050 2.65 kB (1ms)
[2019-10-02 15:48:31.0830] - INFO - GET 200 /.cache/export-preview/TlhlVkNXVHpnMTIuMDo6MDo6cG5nOjpTdWZmaXg=/Icon@2x.png 5.9 kB (1ms)
[2019-10-02 15:48:36.1090] - INFO - Backing up to /Users/baikong/Development/Framer-X/TMicons.framerfx/.backups/2019-10-02 15.48.36.zip
[2019-10-02 15:48:41.4980] - INFO - GET 404 /metadata/artwork.png?1570002521137 159 B (1ms)
[2019-10-02 15:48:41.4980] - INFO - GET 200 /metadata/icon.png?1570002521137 5.9 kB (2ms)
[2019-10-02 15:48:41.4980] - INFO - GET 200 /metadata/icon.png?1570002521137 5.9 kB (1ms)
[2019-10-02 15:48:47.7470] - INFO - _handleWatch: build took 21ms
[2019-10-02 15:48:47.7470] - INFO - _handleWatch: updated scripts - index.js
[2019-10-02 15:48:48.2210] - INFO - GET 404 /metadata/artwork.png?1570002527588 159 B (0ms)
[2019-10-02 15:48:48.2210] - INFO - GET 200 /metadata/icon.png?1570002527588 5.9 kB (1ms)
[2019-10-02 15:48:48.2240] - INFO - GET 200 /metadata/icon.png?1570002527588 5.9 kB (0ms)
[2019-10-02 15:48:48.7670] - INFO - _handleWatch: build took 18ms
[2019-10-02 15:48:48.7670] - INFO - _handleWatch: updated scripts - index.js
[2019-10-02 15:48:51.0320] - INFO - GET 404 /metadata/artwork.png?1570002528605 159 B (1ms)
[2019-10-02 15:48:51.0320] - INFO - GET 200 /metadata/icon.png?1570002528605 5.9 kB (2ms)
[2019-10-02 15:48:51.0350] - INFO - GET 200 /metadata/icon.png?1570002528605 5.9 kB (0ms)
[2019-10-02 15:48:56.5830] - INFO - GET 404 /metadata/artwork.png?1570002528605 159 B (0ms)
[2019-10-02 15:48:56.5840] - INFO - GET 200 /metadata/icon.png?1570002528605 5.9 kB (1ms)
[2019-10-02 15:48:56.6050] - INFO - GET 200 /metadata/icon.png?1570002528605 5.9 kB (0ms)
